<?xml version="1.0" encoding="UTF-8"?>
<testng-results ignored="0" total="2" passed="2" failed="0" skipped="0">
  <reporter-output>
  </reporter-output>
  <suite started-at="2019-08-26T10:39:38Z" name="Default suite" finished-at="2019-08-26T10:40:26Z" duration-ms="47925">
    <groups>
    </groups>
    <test started-at="2019-08-26T10:39:38Z" name="Default test" finished-at="2019-08-26T10:40:26Z" duration-ms="47925">
      <class name="com.Programs.Login_Test">
        <test-method is-config="true" signature="beforeTest()[pri:0, instance:com.Programs.Login_Test@19d37183]" started-at="2019-08-26T10:39:38Z" name="beforeTest" finished-at="2019-08-26T10:39:38Z" duration-ms="46" status="PASS">
          <reporter-output>
          </reporter-output>
        </test-method> <!-- beforeTest -->
        <test-method signature="Login(java.lang.String, java.lang.String, java.lang.String)[pri:0, instance:com.Programs.Login_Test@19d37183]" started-at="2019-08-26T10:39:39Z" name="Login" data-provider="dp" finished-at="2019-08-26T10:40:07Z" duration-ms="27624" status="PASS">
          <params>
            <param index="0">
              <value>
                <![CDATA[http://10.10.10.15:86/]]>
              </value>
            </param>
            <param index="1">
              <value>
                <![CDATA[admin]]>
              </value>
            </param>
            <param index="2">
              <value>
                <![CDATA[infi]]>
              </value>
            </param>
          </params>
          <reporter-output>
          </reporter-output>
        </test-method> <!-- Login -->
        <test-method signature="Login(java.lang.String, java.lang.String, java.lang.String)[pri:0, instance:com.Programs.Login_Test@19d37183]" started-at="2019-08-26T10:40:07Z" name="Login" data-provider="dp" finished-at="2019-08-26T10:40:26Z" duration-ms="19155" status="PASS">
          <params>
            <param index="0">
              <value>
                <![CDATA[http://10.10.10.15:86/]]>
              </value>
            </param>
            <param index="1">
              <value>
                <![CDATA[benj]]>
              </value>
            </param>
            <param index="2">
              <value>
                <![CDATA[infi]]>
              </value>
            </param>
          </params>
          <reporter-output>
          </reporter-output>
        </test-method> <!-- Login -->
      </class> <!-- com.Programs.Login_Test -->
    </test> <!-- Default test -->
  </suite> <!-- Default suite -->
</testng-results>
